<component name="libraryTable">
  <library name="junit-jupiter-api-5.10.1">
    <CLASSES>
      <root url="jar://$USER_HOME$/Downloads/junit-jupiter-api-5.10.1.jar!/" />
      <root url="jar://$USER_HOME$/Downloads/junit-jupiter-engine-5.10.1.jar!/" />
    </CLASSES>
    <JAVADOC />
    <SOURCES />
  </library>
</component>